<?xml version="1.0" encoding="UTF-8"?>
<!-- Generated by org.testng.reporters.JUnitReportReporter -->
<testsuite hostname="HYD-LT-BZH2PT2" failures="0" tests="3" name="insuranceCalculation_MotorCycle.ErrorTests_motorCycle" time="6.113" errors="0" timestamp="2021-08-03T23:26:28 IST" skipped="2">
  <testcase classname="insuranceCalculation_MotorCycle.ErrorTests_motorCycle" name="verifyModelDropdownOptions" time="6.113"/>
  <system-out/>
  <testcase classname="insuranceCalculation_MotorCycle.ErrorTests_motorCycle" name="errorMessageOnCylinderCapacity1">
    <skipped/>
  </testcase> <!-- errorMessageOnCylinderCapacity1 -->
  <system-out/>
  <testcase classname="insuranceCalculation_MotorCycle.ErrorTests_motorCycle" name="errorMessageOnCylinderCapacity">
    <skipped/>
  </testcase> <!-- errorMessageOnCylinderCapacity -->
  <system-out/>
</testsuite> <!-- insuranceCalculation_MotorCycle.ErrorTests_motorCycle -->
